<?xml version="1.0" encoding="UTF-8"?>
<!-- Generated by org.testng.reporters.JUnitXMLReporter -->
<testsuite hostname="DESKTOP-790Q91J" ignored="0" name="Default test" tests="3" failures="0" timestamp="2019-10-23T16:51:11 IST" time="0.092" errors="0">
  <testcase name="createUser" time="0.016" classname="com.testng.DataProviderDemo"/>
  <testcase name="createUser" time="0.0" classname="com.testng.DataProviderDemo"/>
  <testcase name="createUser" time="0.016" classname="com.testng.DataProviderDemo"/>
</testsuite> <!-- Default test -->
