<?xml version="1.0" encoding="UTF-8"?>
<testng-results skipped="0" failed="0" ignored="0" total="1" passed="1">
  <reporter-output>
  </reporter-output>
  <suite name="Default suite" duration-ms="110629" started-at="2019-10-25T09:50:35 IST" finished-at="2019-10-25T09:52:26 IST">
    <groups>
    </groups>
    <test name="Default test" duration-ms="110629" started-at="2019-10-25T09:50:35 IST" finished-at="2019-10-25T09:52:26 IST">
      <class name="com.assignment.Assignment24">
        <test-method status="PASS" signature="beforeC()[pri:0, instance:com.assignment.Assignment24@731a74c]" name="beforeC" is-config="true" duration-ms="16" started-at="2019-10-25T09:50:35 IST" finished-at="2019-10-25T09:50:35 IST">
          <reporter-output>
          </reporter-output>
        </test-method> <!-- beforeC -->
        <test-method status="PASS" signature="beforeM()[pri:0, instance:com.assignment.Assignment24@731a74c]" name="beforeM" is-config="true" duration-ms="15277" started-at="2019-10-25T09:50:35 IST" finished-at="2019-10-25T09:50:51 IST">
          <reporter-output>
          </reporter-output>
        </test-method> <!-- beforeM -->
        <test-method status="PASS" signature="test1()[pri:0, instance:com.assignment.Assignment24@731a74c]" name="test1" duration-ms="95214" started-at="2019-10-25T09:50:51 IST" finished-at="2019-10-25T09:52:26 IST">
          <reporter-output>
          </reporter-output>
        </test-method> <!-- test1 -->
      </class> <!-- com.assignment.Assignment24 -->
    </test> <!-- Default test -->
  </suite> <!-- Default suite -->
</testng-results>
